Flow report for CA_Project
Sat Aug 01 21:58:26 2020
Quartus II Version 9.0 Build 132 02/25/2009 SJ Web Edition


---------------------
; Table of Contents ;
---------------------
  1. Legal Notice
  2. Flow Summary
  3. Flow Settings
  4. Flow Non-Default Global Settings
  5. Flow Elapsed Time
  6. Flow OS Summary
  7. Flow Log



----------------
; Legal Notice ;
----------------
Copyright (C) 1991-2009 Altera Corporation
Your use of Altera Corporation's design tools, logic functions 
and other software and tools, and its AMPP partner logic 
functions, and any output files from any of the foregoing 
(including device programming or simulation files), and any 
associated documentation or information are expressly subject 
to the terms and conditions of the Altera Program License 
Subscription Agreement, Altera MegaCore Function License 
Agreement, or other applicable license agreement, including, 
without limitation, that your use is for the sole purpose of 
programming logic devices manufactured by Altera and sold by 
Altera or its authorized distributors.  Please refer to the 
applicable agreement for further details.



+-------------------------------------------------------------------------+
; Flow Summary                                                            ;
+-------------------------------+-----------------------------------------+
; Flow Status                   ; Successful - Sat Aug 01 21:58:01 2020   ;
; Quartus II Version            ; 9.0 Build 132 02/25/2009 SJ Web Edition ;
; Revision Name                 ; CA_Project                              ;
; Top-level Entity Name         ; CA_Project                              ;
; Family                        ; Stratix II                              ;
; Met timing requirements       ; Yes                                     ;
; Logic utilization             ; 37 %                                    ;
;     Combinational ALUTs       ; 2,967 / 12,480 ( 24 % )                 ;
;     Dedicated logic registers ; 1,030 / 12,480 ( 8 % )                  ;
; Total registers               ; 1030                                    ;
; Total pins                    ; 18 / 343 ( 5 % )                        ;
; Total virtual pins            ; 0                                       ;
; Total block memory bits       ; 14,848 / 419,328 ( 4 % )                ;
; DSP block 9-bit elements      ; 8 / 96 ( 8 % )                          ;
; Total PLLs                    ; 0 / 6 ( 0 % )                           ;
; Total DLLs                    ; 0 / 2 ( 0 % )                           ;
; Device                        ; EP2S15F484C3                            ;
; Timing Models                 ; Final                                   ;
+-------------------------------+-----------------------------------------+


+-----------------------------------------+
; Flow Settings                           ;
+-------------------+---------------------+
; Option            ; Setting             ;
+-------------------+---------------------+
; Start date & time ; 08/01/2020 21:56:32 ;
; Main task         ; Compilation         ;
; Revision Name     ; CA_Project          ;
+-------------------+---------------------+


+-------------------------------------------------------------------------------------------------------------------+
; Flow Non-Default Global Settings                                                                                  ;
+------------------------------------+-------------------------------+---------------+-------------+----------------+
; Assignment Name                    ; Value                         ; Default Value ; Entity Name ; Section Id     ;
+------------------------------------+-------------------------------+---------------+-------------+----------------+
; COMPILER_SIGNATURE_ID              ; 5334164913323.159630279205052 ; --            ; --          ; --             ;
; IP_TOOL_NAME                       ; LPM_ADD_SUB                   ; --            ; --          ; --             ;
; IP_TOOL_NAME                       ; LPM_MUX                       ; --            ; --          ; --             ;
; IP_TOOL_NAME                       ; LPM_MUX                       ; --            ; --          ; --             ;
; IP_TOOL_NAME                       ; LPM_ADD_SUB                   ; --            ; --          ; --             ;
; IP_TOOL_NAME                       ; LPM_MUX                       ; --            ; --          ; --             ;
; IP_TOOL_NAME                       ; LPM_MUX                       ; --            ; --          ; --             ;
; IP_TOOL_NAME                       ; LPM_MUX                       ; --            ; --          ; --             ;
; IP_TOOL_NAME                       ; LPM_FF                        ; --            ; --          ; --             ;
; IP_TOOL_NAME                       ; LPM_MUX                       ; --            ; --          ; --             ;
; IP_TOOL_NAME                       ; LPM_MUX                       ; --            ; --          ; --             ;
; IP_TOOL_NAME                       ; RAM: 1-PORT                   ; --            ; --          ; --             ;
; IP_TOOL_NAME                       ; LPM_FF                        ; --            ; --          ; --             ;
; IP_TOOL_VERSION                    ; 9.0                           ; --            ; --          ; --             ;
; IP_TOOL_VERSION                    ; 9.0                           ; --            ; --          ; --             ;
; IP_TOOL_VERSION                    ; 9.0                           ; --            ; --          ; --             ;
; IP_TOOL_VERSION                    ; 9.0                           ; --            ; --          ; --             ;
; IP_TOOL_VERSION                    ; 9.0                           ; --            ; --          ; --             ;
; IP_TOOL_VERSION                    ; 9.0                           ; --            ; --          ; --             ;
; IP_TOOL_VERSION                    ; 9.0                           ; --            ; --          ; --             ;
; IP_TOOL_VERSION                    ; 9.0                           ; --            ; --          ; --             ;
; IP_TOOL_VERSION                    ; 9.0                           ; --            ; --          ; --             ;
; IP_TOOL_VERSION                    ; 9.0                           ; --            ; --          ; --             ;
; IP_TOOL_VERSION                    ; 9.0                           ; --            ; --          ; --             ;
; IP_TOOL_VERSION                    ; 9.0                           ; --            ; --          ; --             ;
; MISC_FILE                          ; lpm_add_sub0.tdf              ; --            ; --          ; --             ;
; MISC_FILE                          ; lpm_add_sub0.bsf              ; --            ; --          ; --             ;
; MISC_FILE                          ; lpm_add_sub0.inc              ; --            ; --          ; --             ;
; MISC_FILE                          ; lpm_mux0.tdf                  ; --            ; --          ; --             ;
; MISC_FILE                          ; lpm_mux0.bsf                  ; --            ; --          ; --             ;
; MISC_FILE                          ; lpm_mux0.inc                  ; --            ; --          ; --             ;
; MISC_FILE                          ; lpm_mux1.tdf                  ; --            ; --          ; --             ;
; MISC_FILE                          ; lpm_mux1.bsf                  ; --            ; --          ; --             ;
; MISC_FILE                          ; lpm_mux1.inc                  ; --            ; --          ; --             ;
; MISC_FILE                          ; lpm_add_sub1.tdf              ; --            ; --          ; --             ;
; MISC_FILE                          ; lpm_add_sub1.bsf              ; --            ; --          ; --             ;
; MISC_FILE                          ; lpm_add_sub1.inc              ; --            ; --          ; --             ;
; MISC_FILE                          ; lpm_mux2.tdf                  ; --            ; --          ; --             ;
; MISC_FILE                          ; lpm_mux2.bsf                  ; --            ; --          ; --             ;
; MISC_FILE                          ; lpm_mux2.inc                  ; --            ; --          ; --             ;
; MISC_FILE                          ; lpm_mux3.tdf                  ; --            ; --          ; --             ;
; MISC_FILE                          ; lpm_mux3.bsf                  ; --            ; --          ; --             ;
; MISC_FILE                          ; lpm_mux3.inc                  ; --            ; --          ; --             ;
; MISC_FILE                          ; lpm_mux4.tdf                  ; --            ; --          ; --             ;
; MISC_FILE                          ; lpm_mux4.bsf                  ; --            ; --          ; --             ;
; MISC_FILE                          ; lpm_mux4.inc                  ; --            ; --          ; --             ;
; MISC_FILE                          ; pc.tdf                        ; --            ; --          ; --             ;
; MISC_FILE                          ; pc.bsf                        ; --            ; --          ; --             ;
; MISC_FILE                          ; pc.inc                        ; --            ; --          ; --             ;
; MISC_FILE                          ; instruction_memory_mux0.tdf   ; --            ; --          ; --             ;
; MISC_FILE                          ; instruction_memory_mux0.bsf   ; --            ; --          ; --             ;
; MISC_FILE                          ; instruction_memory_mux0.inc   ; --            ; --          ; --             ;
; MISC_FILE                          ; instruction_memory_mux1.tdf   ; --            ; --          ; --             ;
; MISC_FILE                          ; instruction_memory_mux1.bsf   ; --            ; --          ; --             ;
; MISC_FILE                          ; instruction_memory_mux1.inc   ; --            ; --          ; --             ;
; MISC_FILE                          ; data_memory_ram.tdf           ; --            ; --          ; --             ;
; MISC_FILE                          ; data_memory_ram.bsf           ; --            ; --          ; --             ;
; MISC_FILE                          ; data_memory_ram.inc           ; --            ; --          ; --             ;
; MISC_FILE                          ; data_memory_out_register.tdf  ; --            ; --          ; --             ;
; MISC_FILE                          ; data_memory_out_register.bsf  ; --            ; --          ; --             ;
; MISC_FILE                          ; data_memory_out_register.inc  ; --            ; --          ; --             ;
; PARTITION_COLOR                    ; 16764057                      ; --            ; --          ; Top            ;
; PARTITION_NETLIST_TYPE             ; SOURCE                        ; --            ; --          ; Top            ;
; SEARCH_PATH                        ; alu/xor                       ; --            ; --          ; --             ;
; SEARCH_PATH                        ; alu/shift                     ; --            ; --          ; --             ;
; SEARCH_PATH                        ; alu/rotate                    ; --            ; --          ; --             ;
; SEARCH_PATH                        ; alu/not                       ; --            ; --          ; --             ;
; SEARCH_PATH                        ; alu/mux                       ; --            ; --          ; --             ;
; SEARCH_PATH                        ; alu/mul                       ; --            ; --          ; --             ;
; SEARCH_PATH                        ; alu/max~min                   ; --            ; --          ; --             ;
; SEARCH_PATH                        ; alu/left shift                ; --            ; --          ; --             ;
; SEARCH_PATH                        ; alu/div                       ; --            ; --          ; --             ;
; SEARCH_PATH                        ; alu/cnt                       ; --            ; --          ; --             ;
; SEARCH_PATH                        ; alu/cmp                       ; --            ; --          ; --             ;
; SEARCH_PATH                        ; alu/and                       ; --            ; --          ; --             ;
; SEARCH_PATH                        ; alu/add~sub                   ; --            ; --          ; --             ;
; SEARCH_PATH                        ; alu                           ; --            ; --          ; --             ;
; USE_GENERATED_PHYSICAL_CONSTRAINTS ; Off                           ; --            ; --          ; eda_blast_fpga ;
+------------------------------------+-------------------------------+---------------+-------------+----------------+


+-----------------------------------------------------------------------------------------------------------------------------+
; Flow Elapsed Time                                                                                                           ;
+-------------------------+--------------+-------------------------+---------------------+------------------------------------+
; Module Name             ; Elapsed Time ; Average Processors Used ; Peak Virtual Memory ; Total CPU Time (on all processors) ;
+-------------------------+--------------+-------------------------+---------------------+------------------------------------+
; Analysis & Synthesis    ; 00:00:47     ; 1.0                     ; 293 MB              ; 00:00:40                           ;
; Fitter                  ; 00:00:19     ; 1.0                     ; 313 MB              ; 00:00:17                           ;
; Assembler               ; 00:00:04     ; 1.0                     ; 262 MB              ; 00:00:04                           ;
; Classic Timing Analyzer ; 00:00:06     ; 1.0                     ; 271 MB              ; 00:00:05                           ;
; Total                   ; 00:01:16     ; --                      ; --                  ; 00:01:06                           ;
+-------------------------+--------------+-------------------------+---------------------+------------------------------------+


+------------------------------------------------------------------------------------------+
; Flow OS Summary                                                                          ;
+-------------------------+------------------+---------------+------------+----------------+
; Module Name             ; Machine Hostname ; OS Name       ; OS Version ; Processor type ;
+-------------------------+------------------+---------------+------------+----------------+
; Analysis & Synthesis    ; DESKTOP-C4DNQ9C  ; Windows Vista ; 6.2        ; x86_64         ;
; Fitter                  ; DESKTOP-C4DNQ9C  ; Windows Vista ; 6.2        ; x86_64         ;
; Assembler               ; DESKTOP-C4DNQ9C  ; Windows Vista ; 6.2        ; x86_64         ;
; Classic Timing Analyzer ; DESKTOP-C4DNQ9C  ; Windows Vista ; 6.2        ; x86_64         ;
+-------------------------+------------------+---------------+------------+----------------+


------------
; Flow Log ;
------------
quartus_map --read_settings_files=on --write_settings_files=off CA_Project -c CA_Project
quartus_fit --read_settings_files=off --write_settings_files=off CA_Project -c CA_Project
quartus_asm --read_settings_files=off --write_settings_files=off CA_Project -c CA_Project
quartus_tan --read_settings_files=off --write_settings_files=off CA_Project -c CA_Project --timing_analysis_only



